<?xml version="1.0" encoding="UTF-8" ?>
<testsuite tests="61" failures="0" name="com.tutorialsninja.automation.runner.TestRunner" time="9.831" errors="0" skipped="0">
  <properties>
[...]
</properties>
  <testcase classname="Scenario: Verify whether the User is able to login with valid credentials" name="Given I launch the application" time="0.005"/>
  <testcase classname="Scenario: Verify whether the User is able to login with valid credentials" name="And I navigate to Account Login page" time="0"/>
  <testcase classname="Scenario: Verify whether the User is able to login with valid credentials" name="When I login to the Application using Username &quot;ravi.kiran1@gmail.com&quot; and Password &quot;rkiran&quot;" time="0"/>
  <testcase classname="Scenario: Verify whether the User is able to login with valid credentials" name="Then I should see that the User is able to login successfully" time="0"/>
  <testcase classname="Scenario: Verify whether the User is able to login with valid credentials" name="Scenario: Verify whether the User is able to login with valid credentials" time="0.943"/>
  <testcase classname="Scenario: Verify whether the User is not able to login with invalid credentials" name="Given I launch the application" time="0"/>
  <testcase classname="Scenario: Verify whether the User is not able to login with invalid credentials" name="And I navigate to Account Login page" time="0"/>
  <testcase classname="Scenario: Verify whether the User is not able to login with invalid credentials" name="When I login to the Application using Username &quot;ravi.kiran99@gmail.com&quot; and Password &quot;rkiran99&quot;" time="0"/>
  <testcase classname="Scenario: Verify whether the User is not able to login with invalid credentials" name="Then I should see an error message that the credentails are invalid" time="0"/>
  <testcase classname="Scenario: Verify whether the User is not able to login with invalid credentials" name="Scenario: Verify whether the User is not able to login with invalid credentials" time="0.895"/>
  <testcase classname="Scenario: Verify whether the User is not able to login without providing credentials" name="Given I launch the application" time="0"/>
  <testcase classname="Scenario: Verify whether the User is not able to login without providing credentials" name="And I navigate to Account Login page" time="0"/>
  <testcase classname="Scenario: Verify whether the User is not able to login without providing credentials" name="When I login to the Application using Username &quot;&quot; and Password &quot;&quot;" time="0"/>
  <testcase classname="Scenario: Verify whether the User is not able to login without providing credentials" name="Then I should see an error message that the credentails are invalid" time="0"/>
  <testcase classname="Scenario: Verify whether the User is not able to login without providing credentials" name="Scenario: Verify whether the User is not able to login without providing credentials" time="0.886"/>
  <testcase classname="Scenario: Verify whether the User is able to reset the forgotten password" name="Given I launch the application" time="0"/>
  <testcase classname="Scenario: Verify whether the User is able to reset the forgotten password" name="And I navigate to Account Login page" time="0"/>
  <testcase classname="Scenario: Verify whether the User is able to reset the forgotten password" name="When I reset the forgotten password for email &quot;ravi.kiran@gmail.com&quot;" time="0"/>
  <testcase classname="Scenario: Verify whether the User is able to reset the forgotten password" name="Then I should see a message informing the User that information related to restting password have been sent to email address" time="0"/>
  <testcase classname="Scenario: Verify whether the User is able to reset the forgotten password" name="Scenario: Verify whether the User is able to reset the forgotten password" time="0.901"/>
  <testcase classname="Scenario: Verify whether the User is able to place orders" name="Given I login to the application" time="0"/>
  <testcase classname="Scenario: Verify whether the User is able to place orders" name="When I add a product to bag and checkout" time="0"/>
  <testcase classname="Scenario: Verify whether the User is able to place orders" name="And I place an order" time="0"/>
  <testcase classname="Scenario: Verify whether the User is able to place orders" name="Then I should see that the order is placed successfuly" time="0"/>
  <testcase classname="Scenario: Verify whether the User is able to place orders" name="Scenario: Verify whether the User is able to place orders" time="0.883"/>
  <testcase classname="Scenario: Verify whether the user is able to register into the application by providing all the details" name="Given I launch the application" time="0"/>
  <testcase classname="Scenario: Verify whether the user is able to register into the application by providing all the details" name="And I navigate to Account Registration page" time="0"/>
  <testcase classname="Scenario: Verify whether the user is able to register into the application by providing all the details" name="When I provide all the below valid details" time="0"/>
  <testcase classname="Scenario: Verify whether the user is able to register into the application by providing all the details" name="And I select the Privacy Policy" time="0"/>
  <testcase classname="Scenario: Verify whether the user is able to register into the application by providing all the details" name="And I click on Continue Button" time="0"/>
  <testcase classname="Scenario: Verify whether the user is able to register into the application by providing all the details" name="Then I should see that the User account has successfully created" time="0"/>
  <testcase classname="Scenario: Verify whether the user is able to register into the application by providing all the details" name="Scenario: Verify whether the user is able to register into the application by providing all the details" time="0.86"/>
  <testcase classname="Scenario: Verify whether the user is not allowed to register on skipping the mandatory fields" name="Given I launch the application" time="0"/>
  <testcase classname="Scenario: Verify whether the user is not allowed to register on skipping the mandatory fields" name="And I navigate to Account Registration page" time="0"/>
  <testcase classname="Scenario: Verify whether the user is not allowed to register on skipping the mandatory fields" name="When I click on Continue Button" time="0"/>
  <testcase classname="Scenario: Verify whether the user is not allowed to register on skipping the mandatory fields" name="Then I should see that the User Account is not created" time="0"/>
  <testcase classname="Scenario: Verify whether the user is not allowed to register on skipping the mandatory fields" name="And I should see the error messages informing the User to fill the mandatory fields" time="0"/>
  <testcase classname="Scenario: Verify whether the user is not allowed to register on skipping the mandatory fields" name="Scenario: Verify whether the user is not allowed to register on skipping the mandatory fields" time="0.911"/>
  <testcase classname="Scenario: Verify  whether the user is able to register into the application by opting for Newsletter subscription" name="Given I launch the application" time="0"/>
  <testcase classname="Scenario: Verify  whether the user is able to register into the application by opting for Newsletter subscription" name="And I navigate to Account Registration page" time="0"/>
  <testcase classname="Scenario: Verify  whether the user is able to register into the application by opting for Newsletter subscription" name="When I provide all the below valid details" time="0"/>
  <testcase classname="Scenario: Verify  whether the user is able to register into the application by opting for Newsletter subscription" name="And I select the Privacy Policy" time="0"/>
  <testcase classname="Scenario: Verify  whether the user is able to register into the application by opting for Newsletter subscription" name="And I subscribe to Newsletter" time="0"/>
  <testcase classname="Scenario: Verify  whether the user is able to register into the application by opting for Newsletter subscription" name="And I click on Continue Button" time="0"/>
  <testcase classname="Scenario: Verify  whether the user is able to register into the application by opting for Newsletter subscription" name="Then I should see that the User account has successfully created" time="0"/>
  <testcase classname="Scenario: Verify  whether the user is able to register into the application by opting for Newsletter subscription" name="Scenario: Verify  whether the user is able to register into the application by opting for Newsletter subscription" time="0.951"/>
  <testcase classname="Scenario: Verify whether the user is restricted from creating a duplicate account" name="Given I launch the application" time="0"/>
  <testcase classname="Scenario: Verify whether the user is restricted from creating a duplicate account" name="And I navigate to Account Registration page" time="0"/>
  <testcase classname="Scenario: Verify whether the user is restricted from creating a duplicate account" name="When I provide the below duplicate details" time="0"/>
  <testcase classname="Scenario: Verify whether the user is restricted from creating a duplicate account" name="And I select the Privacy Policy" time="0.001"/>
  <testcase classname="Scenario: Verify whether the user is restricted from creating a duplicate account" name="And I click on Continue Button" time="0"/>
  <testcase classname="Scenario: Verify whether the user is restricted from creating a duplicate account" name="Then I should see that the User is restriced from creating dupblicate account" time="0"/>
  <testcase classname="Scenario: Verify whether the user is restricted from creating a duplicate account" name="Scenario: Verify whether the user is restricted from creating a duplicate account" time="0.877"/>
  <testcase classname="Scenario: Verify whether the User is able to search for the products" name="Given I launch the application" time="0"/>
  <testcase classname="Scenario: Verify whether the User is able to search for the products" name="When I search for a product &quot;Samsung SyncMaster 941BW&quot;" time="0"/>
  <testcase classname="Scenario: Verify whether the User is able to search for the products" name="Then I should see the product in the search results" time="0"/>
  <testcase classname="Scenario: Verify whether the User is able to search for the products" name="Scenario: Verify whether the User is able to search for the products" time="0.861"/>
  <testcase classname="Scenario: Verify whether the User is informed when the product being searched is not available" name="Given I launch the application" time="0"/>
  <testcase classname="Scenario: Verify whether the User is informed when the product being searched is not available" name="When I search for a product &quot;Apple iPhone&quot;" time="0"/>
  <testcase classname="Scenario: Verify whether the User is informed when the product being searched is not available" name="Then I should see a message informing &quot;Your shopping cart is empty!&quot;" time="0"/>
  <testcase classname="Scenario: Verify whether the User is informed when the product being searched is not available" name="Scenario: Verify whether the User is informed when the product being searched is not available" time="0.857"/>
</testsuite>